[12971:12971:0711/133344.610696:WARNING:chrome_main_delegate.cc(742)] This is Chrome version 126.0.6478.126 (not a warning)
[12971:12971:0711/133344.793156:INFO:chrome_browser_cloud_management_controller.cc(196)] No machine level policy manager exists.
[13023:13023:0711/133345.085887:WARNING:sandbox_linux.cc(430)] InitializeSandbox() called with multiple threads in process gpu-process.
[12971:12971:0711/133345.115301:WARNING:browser_management_service.cc(128)] EnterpriseLogoUrl fetch failed with error code -1 and MIME type 
[12971:12971:0711/133345.165485:WARNING:bluez_dbus_manager.cc(248)] Floss manager not present, cannot set Floss enable/disable.
[13068:8:0711/133345.389089:ERROR:command_buffer_proxy_impl.cc(132)] ContextResult::kTransientFailure: Failed to send GpuControl.CreateCommandBuffer.
[12971:12971:0711/133348.725454:INFO:CONSOLE(229)] "Uncaught SyntaxError: Unexpected token '<<'", source: https://homeshopping.pk/search.php?category%5B%5D=&search_query=Home%20%26%20Lifestyle (229)
[12971:12971:0711/133348.977687:INFO:CONSOLE(3811)] "Listener added for a 'DOMSubtreeModified' mutation event. This event type is deprecated, and will be removed from this browser VERY soon. Usage of this event listener will cause performance issues today, and represents a large risk of imminent site breakage. Consider using MutationObserver instead. See https://chromestatus.com/feature/5083947249172480 for more information.", source: https://homeshopping.pk/search.php?category%5B%5D=&search_query=Home%20%26%20Lifestyle (3811)
[13030:13049:0711/133350.903882:ERROR:ssl_client_socket_impl.cc(878)] handshake failed; returned -1, SSL error code 1, net_error -200
[12971:12971:0711/133353.501235:INFO:CONSOLE(0)] "Access to XMLHttpRequest at 'https://www.facebook.com/plugins/customer_chat/facade/?app_id=&attribution=setup_tool&channel=https%3A%2F%2Fstaticxx.facebook.com%2Fx%2Fconnect%2Fxd_arbiter%2F%3Fversion%3D46%23cb%3Df046d277480d940c5%26domain%3Dhomeshopping.pk%26is_canvas%3Dfalse%26origin%3Dhttps%253A%252F%252Fhomeshopping.pk%252Ffada47f43817c81e7%26relation%3Dparent.parent&current_url=https%3A%2F%2Fhomeshopping.pk%2Fsearch.php%3Fcategory%255B%255D%3D%26search_query%3DHome%2520%2526%2520Lifestyle&is_loaded_by_facade=true&locale=en_US&log_id=0adefc63-a4e5-4028-aa23-14ead6ef48fe&page_id=23233749076&request_time=1720704833265&sdk=joey&should_use_new_domain=false&suppress_http_code=1&theme_color=%230084ff' from origin 'https://homeshopping.pk' has been blocked by CORS policy: The 'Access-Control-Allow-Origin' header has a value 'http://homeshopping.pk' that is not equal to the supplied origin.", source: https://homeshopping.pk/search.php?category%5B%5D=&search_query=Home%20%26%20Lifestyle (0)
[12971:12971:0711/133353.510470:INFO:CONSOLE(0)] "Access to XMLHttpRequest at 'https://www.facebook.com/plugins/customer_chat/facade/?app_id=&attribution=setup_tool&channel=https%3A%2F%2Fstaticxx.facebook.com%2Fx%2Fconnect%2Fxd_arbiter%2F%3Fversion%3D46%23cb%3Df7de0fbd5560f39d3%26domain%3Dhomeshopping.pk%26is_canvas%3Dfalse%26origin%3Dhttps%253A%252F%252Fhomeshopping.pk%252Ffada47f43817c81e7%26relation%3Dparent.parent&current_url=https%3A%2F%2Fhomeshopping.pk%2Fsearch.php%3Fcategory%255B%255D%3D%26search_query%3DHome%2520%2526%2520Lifestyle&greeting_dialog_display=fade&is_loaded_by_facade=true&locale=en_US&log_id=8e2a27b0-f71d-4a08-9574-5b091b564240&page_id=23233749076&request_time=1720704833251&sdk=joey&should_use_new_domain=false&suppress_http_code=1' from origin 'https://homeshopping.pk' has been blocked by CORS policy: The 'Access-Control-Allow-Origin' header has a value 'http://homeshopping.pk' that is not equal to the supplied origin.", source: https://homeshopping.pk/search.php?category%5B%5D=&search_query=Home%20%26%20Lifestyle (0)
[12971:12971:0711/133353.521485:INFO:CONSOLE(0)] "Access to XMLHttpRequest at 'https://www.facebook.com/plugins/customer_chat/SDK/?app_id=&attribution=setup_tool&channel=https%3A%2F%2Fstaticxx.facebook.com%2Fx%2Fconnect%2Fxd_arbiter%2F%3Fversion%3D46%23cb%3Df046d277480d940c5%26domain%3Dhomeshopping.pk%26is_canvas%3Dfalse%26origin%3Dhttps%253A%252F%252Fhomeshopping.pk%252Ffada47f43817c81e7%26relation%3Dparent.parent&current_url=https%3A%2F%2Fhomeshopping.pk%2Fsearch.php%3Fcategory%255B%255D%3D%26search_query%3DHome%2520%2526%2520Lifestyle&event_name=chat_plugin_sdk_facade_create&is_loaded_by_facade=true&loading_time=0&locale=en_US&log_id=0adefc63-a4e5-4028-aa23-14ead6ef48fe&page_id=23233749076&request_time=1720704833265&sdk=joey&should_use_new_domain=false&suppress_http_code=1&theme_color=%230084ff' from origin 'https://homeshopping.pk' has been blocked by CORS policy: No 'Access-Control-Allow-Origin' header is present on the requested resource.", source: https://homeshopping.pk/search.php?category%5B%5D=&search_query=Home%20%26%20Lifestyle (0)
[12971:12971:0711/133353.587570:INFO:CONSOLE(0)] "Access to XMLHttpRequest at 'https://www.facebook.com/plugins/customer_chat/SDK/?app_id=&attribution=setup_tool&channel=https%3A%2F%2Fstaticxx.facebook.com%2Fx%2Fconnect%2Fxd_arbiter%2F%3Fversion%3D46%23cb%3Df7de0fbd5560f39d3%26domain%3Dhomeshopping.pk%26is_canvas%3Dfalse%26origin%3Dhttps%253A%252F%252Fhomeshopping.pk%252Ffada47f43817c81e7%26relation%3Dparent.parent&current_url=https%3A%2F%2Fhomeshopping.pk%2Fsearch.php%3Fcategory%255B%255D%3D%26search_query%3DHome%2520%2526%2520Lifestyle&event_name=chat_plugin_sdk_facade_create&greeting_dialog_display=fade&is_loaded_by_facade=true&loading_time=0&locale=en_US&log_id=8e2a27b0-f71d-4a08-9574-5b091b564240&page_id=23233749076&request_time=1720704833251&sdk=joey&should_use_new_domain=false&suppress_http_code=1' from origin 'https://homeshopping.pk' has been blocked by CORS policy: No 'Access-Control-Allow-Origin' header is present on the requested resource.", source: https://homeshopping.pk/search.php?category%5B%5D=&search_query=Home%20%26%20Lifestyle (0)
[12971:12971:0711/133353.594569:INFO:CONSOLE(0)] "Error with Permissions-Policy header: Unrecognized feature: 'battery'.", source:  (0)
[12971:12971:0711/133353.594717:INFO:CONSOLE(0)] "Error with Permissions-Policy header: Unrecognized feature: 'bluetooth'.", source:  (0)
[12971:12971:0711/133353.594830:INFO:CONSOLE(0)] "Error with Permissions-Policy header: Unrecognized feature: 'usb-unrestricted'.", source:  (0)
[12971:12971:0711/133358.533830:WARNING:controller_impl.cc(1192)] Background download complete, client: 6, completion type: 0, file size:5161
[12971:12971:0711/133358.977889:WARNING:controller_impl.cc(1192)] Background download complete, client: 6, completion type: 0, file size:265059
[12971:12971:0711/133359.055169:WARNING:download_manager_impl.cc(701)] A download with the same GUID already exists, the new request is ignored.
[12971:12971:0711/133359.153088:WARNING:controller_impl.cc(1192)] Background download complete, client: 6, completion type: 0, file size:883094
[12971:12971:0711/133359.696076:WARNING:controller_impl.cc(1192)] Background download complete, client: 6, completion type: 0, file size:45150
[12971:12971:0711/133400.148977:INFO:CONSOLE(2)] "Powered by AMP ⚡ HTML – Version 2406131415000 https://priceoye.pk/search?q=Home%20%26%20Lifestyle", source: https://cdn.ampproject.org/v0.mjs (2)
[12971:12971:0711/133400.333589:INFO:CONSOLE(2)] "[amp-sidebar toolbar] amp-sidebar toolbar is recommended to be a direct child of the <body> element to preserve a logical DOM order.", source: https://cdn.ampproject.org/v0.mjs (2)
[12971:12971:0711/133400.336394:INFO:CONSOLE(2)] "[amp-sidebar toolbar] amp-sidebar toolbar is recommended to be a direct child of the <body> element to preserve a logical DOM order.", source: https://cdn.ampproject.org/v0.mjs (2)
[12971:12971:0711/133400.582050:WARNING:controller_impl.cc(1192)] Background download complete, client: 6, completion type: 0, file size:2200227
[12971:12971:0711/133400.845086:WARNING:controller_impl.cc(1192)] Background download complete, client: 6, completion type: 0, file size:2747170
[12971:12971:0711/133401.126200:WARNING:controller_impl.cc(1192)] Background download complete, client: 6, completion type: 0, file size:3844
[12971:12971:0711/133402.317016:WARNING:controller_impl.cc(1192)] Background download complete, client: 6, completion type: 0, file size:1463571
[12971:12971:0711/133403.268153:INFO:CONSOLE(1)] "Event handler of 'install' event must be added on the initial evaluation of worker script.", source: https://storage.googleapis.com/workbox-cdn/releases/4.3.1/workbox-core.prod.js (1)
[12971:12971:0711/133403.269442:INFO:CONSOLE(1)] "Event handler of 'activate' event must be added on the initial evaluation of worker script.", source: https://storage.googleapis.com/workbox-cdn/releases/4.3.1/workbox-core.prod.js (1)
[12971:12971:0711/133403.613482:WARNING:controller_impl.cc(1192)] Background download complete, client: 6, completion type: 0, file size:4680
[12971:12971:0711/133405.353768:INFO:CONSOLE(0)] "The resource https://static.priceoye.pk/images/placeholder-product-mobile.jpg was preloaded using link preload but not used within a few seconds from the window's load event. Please make sure it has an appropriate `as` value and it is preloaded intentionally.", source: https://priceoye.pk/search?q=Home%20%26%20Lifestyle (0)
[12971:12971:0711/133405.354948:INFO:CONSOLE(0)] "The resource https://static.priceoye.pk/images/product-placeholder.svg was preloaded using link preload but not used within a few seconds from the window's load event. Please make sure it has an appropriate `as` value and it is preloaded intentionally.", source: https://priceoye.pk/search?q=Home%20%26%20Lifestyle (0)
[12971:12971:0711/133406.321289:INFO:CONSOLE(1)] "service worker registered", source: https://priceoye.pk/service-worker.js (1)
[12971:12971:0711/133414.439390:INFO:CONSOLE(2)] "[object Object]", source: https://telemart.pk/search.js?id=98d5437631a5719e (2)
[12971:12971:0711/133418.061805:INFO:CONSOLE(25)] "Google Analytics Content Experiments are no longer supported: (https://support.google.com/analytics/answer/9366791?hl=en). Please uninstall http://www.google-analytics.com/cx/api.js from this page.", source: https://www.google-analytics.com/cx/api.js (25)
[12971:12971:0711/133418.063419:INFO:CONSOLE(7)] "Google Analytics Content Experiments are no longer supported: (https://support.google.com/analytics/answer/9366791?hl=en). Please remove use of cxApi.setDomainName from this page.", source: https://www.google-analytics.com/cx/api.js (7)
[12971:12971:0711/133423.915249:INFO:CONSOLE(314)] "aes disabled", source: https://www.daraz.pk/catalog/?q=Home%20%26%20Lifestyle (314)
[12971:12971:0711/133424.357789:INFO:CONSOLE(1)] ">>> search-js-execution-log start...", source: https://g.alicdn.com/daraz-fe/search-js-execution-log/0.0.6/build.js (1)
[12971:12971:0711/133424.358365:INFO:CONSOLE(1)] ">>> UserTracker init", source: https://g.alicdn.com/daraz-fe/search-js-execution-log/0.0.6/build.js (1)
[12971:12971:0711/133428.133106:INFO:CONSOLE(2)] ">>> userlog_init", source: https://laz-g-cdn.alicdn.com/daraz-fe/search-client/1.0.46/js/desktop.js (2)
[12971:12971:0711/133428.188772:INFO:CONSOLE(2)] ">>>>> desktop pageData__mainInfo:  [object Object]", source: https://laz-g-cdn.alicdn.com/daraz-fe/search-client/1.0.46/js/desktop.js (2)
[12971:12971:0711/133428.188898:INFO:CONSOLE(2)] ">>>>> desktop pageData__mods:  [object Object]", source: https://laz-g-cdn.alicdn.com/daraz-fe/search-client/1.0.46/js/desktop.js (2)
[12971:12971:0711/133428.425453:INFO:CONSOLE(2)] "----- desktop componentDidMount -----", source: https://laz-g-cdn.alicdn.com/daraz-fe/search-client/1.0.46/js/desktop.js (2)
[12971:12971:0711/133429.332786:INFO:CONSOLE(2)] ">>> survey config:  [object Object]", source: https://laz-g-cdn.alicdn.com/daraz-fe/search-client/1.0.46/js/desktop.js (2)
[12971:12971:0711/133430.622431:INFO:CONSOLE(5954)] "SSR首屏时长：t1:undefined, t2:13506, CSR首屏时长：13339", source: https://www.daraz.pk/catalog/?q=Home%20%26%20Lifestyle (5954)
[13030:13048:0711/133435.004535:WARNING:sqlite_persistent_store_backend_base.cc(198)] Failed to post task from FlushAndNotifyInBackground@net/extras/sqlite/sqlite_persistent_store_backend_base.cc:248 to client_task_runner_.
[13030:13048:0711/133435.004593:WARNING:sqlite_persistent_store_backend_base.cc(198)] Failed to post task from FlushAndNotifyInBackground@net/extras/sqlite/sqlite_persistent_store_backend_base.cc:248 to client_task_runner_.
[12971:12971:0711/133435.126205:WARNING:pref_notifier_impl.cc(41)] Pref observer for media_router.cast_allow_all_ips found at shutdown.
