[15163:15163:0711/133938.739157:WARNING:chrome_main_delegate.cc(742)] This is Chrome version 126.0.6478.126 (not a warning)
[15163:15163:0711/133938.930402:INFO:chrome_browser_cloud_management_controller.cc(196)] No machine level policy manager exists.
[15163:15163:0711/133939.143151:WARNING:browser_management_service.cc(128)] EnterpriseLogoUrl fetch failed with error code -1 and MIME type 
[15205:15205:0711/133939.182452:WARNING:sandbox_linux.cc(430)] InitializeSandbox() called with multiple threads in process gpu-process.
[15163:15163:0711/133939.200884:WARNING:bluez_dbus_manager.cc(248)] Floss manager not present, cannot set Floss enable/disable.
[15250:7:0711/133939.301310:ERROR:command_buffer_proxy_impl.cc(132)] ContextResult::kTransientFailure: Failed to send GpuControl.CreateCommandBuffer.
[15163:15163:0711/133941.225893:INFO:CONSOLE(229)] "Uncaught SyntaxError: Unexpected token '<<'", source: https://homeshopping.pk/search.php?category%5B%5D=&search_query=iphone (229)
[15163:15163:0711/133941.529184:INFO:CONSOLE(5138)] "Listener added for a 'DOMSubtreeModified' mutation event. This event type is deprecated, and will be removed from this browser VERY soon. Usage of this event listener will cause performance issues today, and represents a large risk of imminent site breakage. Consider using MutationObserver instead. See https://chromestatus.com/feature/5083947249172480 for more information.", source: https://homeshopping.pk/search.php?category%5B%5D=&search_query=iphone (5138)
[15215:15239:0711/133943.653794:ERROR:ssl_client_socket_impl.cc(878)] handshake failed; returned -1, SSL error code 1, net_error -200
[15163:15163:0711/133948.813741:INFO:CONSOLE(0)] "Access to XMLHttpRequest at 'https://www.facebook.com/plugins/customer_chat/facade/?app_id=&attribution=setup_tool&channel=https%3A%2F%2Fstaticxx.facebook.com%2Fx%2Fconnect%2Fxd_arbiter%2F%3Fversion%3D46%23cb%3Df9ae2c43a6b19dfe9%26domain%3Dhomeshopping.pk%26is_canvas%3Dfalse%26origin%3Dhttps%253A%252F%252Fhomeshopping.pk%252Ff2e69ec73ce617153%26relation%3Dparent.parent&current_url=https%3A%2F%2Fhomeshopping.pk%2Fsearch.php%3Fcategory%255B%255D%3D%26search_query%3Diphone&is_loaded_by_facade=true&locale=en_US&log_id=b3590688-678c-416b-80cc-3d90eaf4477e&page_id=23233749076&request_time=1720705188558&sdk=joey&should_use_new_domain=false&suppress_http_code=1&theme_color=%230084ff' from origin 'https://homeshopping.pk' has been blocked by CORS policy: The 'Access-Control-Allow-Origin' header has a value 'http://homeshopping.pk' that is not equal to the supplied origin.", source: https://homeshopping.pk/search.php?category%5B%5D=&search_query=iphone (0)
[15163:15163:0711/133948.818898:INFO:CONSOLE(0)] "Access to XMLHttpRequest at 'https://www.facebook.com/plugins/customer_chat/SDK/?app_id=&attribution=setup_tool&channel=https%3A%2F%2Fstaticxx.facebook.com%2Fx%2Fconnect%2Fxd_arbiter%2F%3Fversion%3D46%23cb%3Df9ae2c43a6b19dfe9%26domain%3Dhomeshopping.pk%26is_canvas%3Dfalse%26origin%3Dhttps%253A%252F%252Fhomeshopping.pk%252Ff2e69ec73ce617153%26relation%3Dparent.parent&current_url=https%3A%2F%2Fhomeshopping.pk%2Fsearch.php%3Fcategory%255B%255D%3D%26search_query%3Diphone&event_name=chat_plugin_sdk_facade_create&is_loaded_by_facade=true&loading_time=0&locale=en_US&log_id=b3590688-678c-416b-80cc-3d90eaf4477e&page_id=23233749076&request_time=1720705188558&sdk=joey&should_use_new_domain=false&suppress_http_code=1&theme_color=%230084ff' from origin 'https://homeshopping.pk' has been blocked by CORS policy: No 'Access-Control-Allow-Origin' header is present on the requested resource.", source: https://homeshopping.pk/search.php?category%5B%5D=&search_query=iphone (0)
[15163:15163:0711/133948.857584:INFO:CONSOLE(0)] "Access to XMLHttpRequest at 'https://www.facebook.com/plugins/customer_chat/facade/?app_id=&attribution=setup_tool&channel=https%3A%2F%2Fstaticxx.facebook.com%2Fx%2Fconnect%2Fxd_arbiter%2F%3Fversion%3D46%23cb%3Dffc7d804dedb5a832%26domain%3Dhomeshopping.pk%26is_canvas%3Dfalse%26origin%3Dhttps%253A%252F%252Fhomeshopping.pk%252Ff2e69ec73ce617153%26relation%3Dparent.parent&current_url=https%3A%2F%2Fhomeshopping.pk%2Fsearch.php%3Fcategory%255B%255D%3D%26search_query%3Diphone&greeting_dialog_display=fade&is_loaded_by_facade=true&locale=en_US&log_id=cbda3776-f0bb-4be6-a2e7-3b2aabc25170&page_id=23233749076&request_time=1720705188542&sdk=joey&should_use_new_domain=false&suppress_http_code=1' from origin 'https://homeshopping.pk' has been blocked by CORS policy: The 'Access-Control-Allow-Origin' header has a value 'http://homeshopping.pk' that is not equal to the supplied origin.", source: https://homeshopping.pk/search.php?category%5B%5D=&search_query=iphone (0)
[15163:15163:0711/133949.040731:INFO:CONSOLE(0)] "Error with Permissions-Policy header: Unrecognized feature: 'battery'.", source:  (0)
[15163:15163:0711/133949.040851:INFO:CONSOLE(0)] "Error with Permissions-Policy header: Unrecognized feature: 'bluetooth'.", source:  (0)
[15163:15163:0711/133949.040896:INFO:CONSOLE(0)] "Error with Permissions-Policy header: Unrecognized feature: 'usb-unrestricted'.", source:  (0)
[15163:15163:0711/133949.078764:INFO:CONSOLE(0)] "Access to XMLHttpRequest at 'https://www.facebook.com/plugins/customer_chat/SDK/?app_id=&attribution=setup_tool&channel=https%3A%2F%2Fstaticxx.facebook.com%2Fx%2Fconnect%2Fxd_arbiter%2F%3Fversion%3D46%23cb%3Dffc7d804dedb5a832%26domain%3Dhomeshopping.pk%26is_canvas%3Dfalse%26origin%3Dhttps%253A%252F%252Fhomeshopping.pk%252Ff2e69ec73ce617153%26relation%3Dparent.parent&current_url=https%3A%2F%2Fhomeshopping.pk%2Fsearch.php%3Fcategory%255B%255D%3D%26search_query%3Diphone&event_name=chat_plugin_sdk_facade_create&greeting_dialog_display=fade&is_loaded_by_facade=true&loading_time=0&locale=en_US&log_id=cbda3776-f0bb-4be6-a2e7-3b2aabc25170&page_id=23233749076&request_time=1720705188542&sdk=joey&should_use_new_domain=false&suppress_http_code=1' from origin 'https://homeshopping.pk' has been blocked by CORS policy: No 'Access-Control-Allow-Origin' header is present on the requested resource.", source: https://homeshopping.pk/search.php?category%5B%5D=&search_query=iphone (0)
[15163:15163:0711/133954.657966:INFO:CONSOLE(2)] "Powered by AMP ⚡ HTML – Version 2406131415000 https://priceoye.pk/search?q=iphone", source: https://cdn.ampproject.org/v0.mjs (2)
[15163:15163:0711/133954.933872:INFO:CONSOLE(2)] "[amp-sidebar toolbar] amp-sidebar toolbar is recommended to be a direct child of the <body> element to preserve a logical DOM order.", source: https://cdn.ampproject.org/v0.mjs (2)
[15163:15163:0711/133954.936628:INFO:CONSOLE(2)] "[amp-sidebar toolbar] amp-sidebar toolbar is recommended to be a direct child of the <body> element to preserve a logical DOM order.", source: https://cdn.ampproject.org/v0.mjs (2)
[15163:15163:0711/133959.278024:INFO:CONSOLE(2)] "[object Object]", source: https://telemart.pk/search.js?id=98d5437631a5719e (2)
[15163:15163:0711/134002.130078:INFO:CONSOLE(25)] "Google Analytics Content Experiments are no longer supported: (https://support.google.com/analytics/answer/9366791?hl=en). Please uninstall http://www.google-analytics.com/cx/api.js from this page.", source: https://www.google-analytics.com/cx/api.js (25)
[15163:15163:0711/134002.131770:INFO:CONSOLE(7)] "Google Analytics Content Experiments are no longer supported: (https://support.google.com/analytics/answer/9366791?hl=en). Please remove use of cxApi.setDomainName from this page.", source: https://www.google-analytics.com/cx/api.js (7)
[15163:15163:0711/134002.957807:INFO:CONSOLE(314)] "aes disabled", source: https://www.daraz.pk/catalog/?q=iphone (314)
[15163:15163:0711/134003.517646:INFO:CONSOLE(1)] ">>> search-js-execution-log start...", source: https://g.alicdn.com/daraz-fe/search-js-execution-log/0.0.6/build.js (1)
[15163:15163:0711/134003.519038:INFO:CONSOLE(1)] ">>> UserTracker init", source: https://g.alicdn.com/daraz-fe/search-js-execution-log/0.0.6/build.js (1)
[15163:15163:0711/134003.707311:INFO:CONSOLE(2)] ">>> userlog_init", source: https://laz-g-cdn.alicdn.com/daraz-fe/search-client/1.0.46/js/desktop.js (2)
[15163:15163:0711/134003.767922:INFO:CONSOLE(2)] ">>>>> desktop pageData__mainInfo:  [object Object]", source: https://laz-g-cdn.alicdn.com/daraz-fe/search-client/1.0.46/js/desktop.js (2)
[15163:15163:0711/134003.768587:INFO:CONSOLE(2)] ">>>>> desktop pageData__mods:  [object Object]", source: https://laz-g-cdn.alicdn.com/daraz-fe/search-client/1.0.46/js/desktop.js (2)
[15163:15163:0711/134003.992786:INFO:CONSOLE(2)] "----- desktop componentDidMount -----", source: https://laz-g-cdn.alicdn.com/daraz-fe/search-client/1.0.46/js/desktop.js (2)
[15163:15163:0711/134005.393713:INFO:CONSOLE(2)] ">>> survey config:  [object Object]", source: https://laz-g-cdn.alicdn.com/daraz-fe/search-client/1.0.46/js/desktop.js (2)
[15215:15240:0711/134007.271290:WARNING:sqlite_persistent_store_backend_base.cc(198)] Failed to post task from FlushAndNotifyInBackground@net/extras/sqlite/sqlite_persistent_store_backend_base.cc:248 to client_task_runner_.
[15215:15240:0711/134007.271373:WARNING:sqlite_persistent_store_backend_base.cc(198)] Failed to post task from FlushAndNotifyInBackground@net/extras/sqlite/sqlite_persistent_store_backend_base.cc:248 to client_task_runner_.
[15163:15163:0711/134007.302512:WARNING:pref_notifier_impl.cc(41)] Pref observer for media_router.cast_allow_all_ips found at shutdown.
