[20289:20289:0711/115411.629171:WARNING:chrome_main_delegate.cc(742)] This is Chrome version 126.0.6478.126 (not a warning)
[20289:20289:0711/115411.822242:INFO:chrome_browser_cloud_management_controller.cc(196)] No machine level policy manager exists.
[20333:20333:0711/115412.100688:WARNING:sandbox_linux.cc(430)] InitializeSandbox() called with multiple threads in process gpu-process.
[20289:20289:0711/115412.121749:WARNING:browser_management_service.cc(128)] EnterpriseLogoUrl fetch failed with error code -1 and MIME type 
[20289:20289:0711/115412.153825:WARNING:bluez_dbus_manager.cc(248)] Floss manager not present, cannot set Floss enable/disable.
[20289:20289:0711/115416.485296:INFO:CONSOLE(229)] "Uncaught SyntaxError: Unexpected token '<<'", source: https://homeshopping.pk/search.php?category%5B%5D=&search_query=health (229)
[20289:20289:0711/115417.061531:INFO:CONSOLE(4112)] "Listener added for a 'DOMSubtreeModified' mutation event. This event type is deprecated, and will be removed from this browser VERY soon. Usage of this event listener will cause performance issues today, and represents a large risk of imminent site breakage. Consider using MutationObserver instead. See https://chromestatus.com/feature/5083947249172480 for more information.", source: https://homeshopping.pk/search.php?category%5B%5D=&search_query=health (4112)
[20289:20289:0711/115422.963470:INFO:CONSOLE(0)] "Access to XMLHttpRequest at 'https://www.facebook.com/plugins/customer_chat/facade/?app_id=&attribution=setup_tool&channel=https%3A%2F%2Fstaticxx.facebook.com%2Fx%2Fconnect%2Fxd_arbiter%2F%3Fversion%3D46%23cb%3Df8651491f1f392ae3%26domain%3Dhomeshopping.pk%26is_canvas%3Dfalse%26origin%3Dhttps%253A%252F%252Fhomeshopping.pk%252Ff9cad9c5eb7d2767b%26relation%3Dparent.parent&current_url=https%3A%2F%2Fhomeshopping.pk%2Fsearch.php%3Fcategory%255B%255D%3D%26search_query%3Dhealth&is_loaded_by_facade=true&locale=en_US&log_id=b2d515fe-26af-4b72-8eac-b1e0989089e9&page_id=23233749076&request_time=1720698862692&sdk=joey&should_use_new_domain=false&suppress_http_code=1&theme_color=%230084ff' from origin 'https://homeshopping.pk' has been blocked by CORS policy: The 'Access-Control-Allow-Origin' header has a value 'http://homeshopping.pk' that is not equal to the supplied origin.", source: https://homeshopping.pk/search.php?category%5B%5D=&search_query=health (0)
[20289:20289:0711/115422.997083:INFO:CONSOLE(0)] "Access to XMLHttpRequest at 'https://www.facebook.com/plugins/customer_chat/SDK/?app_id=&attribution=setup_tool&channel=https%3A%2F%2Fstaticxx.facebook.com%2Fx%2Fconnect%2Fxd_arbiter%2F%3Fversion%3D46%23cb%3Df8651491f1f392ae3%26domain%3Dhomeshopping.pk%26is_canvas%3Dfalse%26origin%3Dhttps%253A%252F%252Fhomeshopping.pk%252Ff9cad9c5eb7d2767b%26relation%3Dparent.parent&current_url=https%3A%2F%2Fhomeshopping.pk%2Fsearch.php%3Fcategory%255B%255D%3D%26search_query%3Dhealth&event_name=chat_plugin_sdk_facade_create&is_loaded_by_facade=true&loading_time=0&locale=en_US&log_id=b2d515fe-26af-4b72-8eac-b1e0989089e9&page_id=23233749076&request_time=1720698862692&sdk=joey&should_use_new_domain=false&suppress_http_code=1&theme_color=%230084ff' from origin 'https://homeshopping.pk' has been blocked by CORS policy: No 'Access-Control-Allow-Origin' header is present on the requested resource.", source: https://homeshopping.pk/search.php?category%5B%5D=&search_query=health (0)
[20289:20289:0711/115423.017279:INFO:CONSOLE(0)] "Access to XMLHttpRequest at 'https://www.facebook.com/plugins/customer_chat/SDK/?app_id=&attribution=setup_tool&channel=https%3A%2F%2Fstaticxx.facebook.com%2Fx%2Fconnect%2Fxd_arbiter%2F%3Fversion%3D46%23cb%3Df6a4b73c8b81287c6%26domain%3Dhomeshopping.pk%26is_canvas%3Dfalse%26origin%3Dhttps%253A%252F%252Fhomeshopping.pk%252Ff9cad9c5eb7d2767b%26relation%3Dparent.parent&current_url=https%3A%2F%2Fhomeshopping.pk%2Fsearch.php%3Fcategory%255B%255D%3D%26search_query%3Dhealth&event_name=chat_plugin_sdk_facade_create&greeting_dialog_display=fade&is_loaded_by_facade=true&loading_time=0&locale=en_US&log_id=667f531f-70bb-4e39-8b8d-b9851c2633a6&page_id=23233749076&request_time=1720698862671&sdk=joey&should_use_new_domain=false&suppress_http_code=1' from origin 'https://homeshopping.pk' has been blocked by CORS policy: No 'Access-Control-Allow-Origin' header is present on the requested resource.", source: https://homeshopping.pk/search.php?category%5B%5D=&search_query=health (0)
[20289:20289:0711/115423.051210:INFO:CONSOLE(0)] "Access to XMLHttpRequest at 'https://www.facebook.com/plugins/customer_chat/facade/?app_id=&attribution=setup_tool&channel=https%3A%2F%2Fstaticxx.facebook.com%2Fx%2Fconnect%2Fxd_arbiter%2F%3Fversion%3D46%23cb%3Df6a4b73c8b81287c6%26domain%3Dhomeshopping.pk%26is_canvas%3Dfalse%26origin%3Dhttps%253A%252F%252Fhomeshopping.pk%252Ff9cad9c5eb7d2767b%26relation%3Dparent.parent&current_url=https%3A%2F%2Fhomeshopping.pk%2Fsearch.php%3Fcategory%255B%255D%3D%26search_query%3Dhealth&greeting_dialog_display=fade&is_loaded_by_facade=true&locale=en_US&log_id=667f531f-70bb-4e39-8b8d-b9851c2633a6&page_id=23233749076&request_time=1720698862671&sdk=joey&should_use_new_domain=false&suppress_http_code=1' from origin 'https://homeshopping.pk' has been blocked by CORS policy: The 'Access-Control-Allow-Origin' header has a value 'http://homeshopping.pk' that is not equal to the supplied origin.", source: https://homeshopping.pk/search.php?category%5B%5D=&search_query=health (0)
[20341:20352:0711/115423.052605:ERROR:ssl_client_socket_impl.cc(878)] handshake failed; returned -1, SSL error code 1, net_error -200
[20289:20289:0711/115423.066741:INFO:CONSOLE(0)] "Error with Permissions-Policy header: Unrecognized feature: 'battery'.", source:  (0)
[20289:20289:0711/115423.066818:INFO:CONSOLE(0)] "Error with Permissions-Policy header: Unrecognized feature: 'bluetooth'.", source:  (0)
[20289:20289:0711/115423.066860:INFO:CONSOLE(0)] "Error with Permissions-Policy header: Unrecognized feature: 'usb-unrestricted'.", source:  (0)
[20289:20289:0711/115428.678408:INFO:CONSOLE(2)] "Powered by AMP ⚡ HTML – Version 2406131415000 https://priceoye.pk/search?q=health", source: https://cdn.ampproject.org/v0.mjs (2)
[20289:20289:0711/115428.851500:INFO:CONSOLE(2)] "[amp-sidebar toolbar] amp-sidebar toolbar is recommended to be a direct child of the <body> element to preserve a logical DOM order.", source: https://cdn.ampproject.org/v0.mjs (2)
[20289:20289:0711/115428.852189:INFO:CONSOLE(2)] "[amp-sidebar toolbar] amp-sidebar toolbar is recommended to be a direct child of the <body> element to preserve a logical DOM order.", source: https://cdn.ampproject.org/v0.mjs (2)
[20289:20289:0711/115429.347219:WARNING:controller_impl.cc(1192)] Background download complete, client: 6, completion type: 0, file size:5161
[20289:20289:0711/115429.948275:WARNING:controller_impl.cc(1192)] Background download complete, client: 6, completion type: 0, file size:265059
[20289:20289:0711/115430.367012:WARNING:controller_impl.cc(1192)] Background download complete, client: 6, completion type: 0, file size:883094
[20289:20289:0711/115430.802782:WARNING:controller_impl.cc(1192)] Background download complete, client: 6, completion type: 0, file size:45150
[20289:20289:0711/115431.564938:INFO:CONSOLE(1)] "Event handler of 'install' event must be added on the initial evaluation of worker script.", source: https://storage.googleapis.com/workbox-cdn/releases/4.3.1/workbox-core.prod.js (1)
[20289:20289:0711/115431.565101:INFO:CONSOLE(1)] "Event handler of 'activate' event must be added on the initial evaluation of worker script.", source: https://storage.googleapis.com/workbox-cdn/releases/4.3.1/workbox-core.prod.js (1)
[20289:20289:0711/115431.768469:WARNING:controller_impl.cc(1192)] Background download complete, client: 6, completion type: 0, file size:2200227
[20289:20289:0711/115432.104113:WARNING:controller_impl.cc(1192)] Background download complete, client: 6, completion type: 0, file size:2747170
[20289:20289:0711/115433.115991:WARNING:controller_impl.cc(1192)] Background download complete, client: 6, completion type: 0, file size:4680
[20289:20289:0711/115433.407164:WARNING:controller_impl.cc(1192)] Background download complete, client: 6, completion type: 0, file size:3844
[20289:20289:0711/115434.220771:INFO:CONSOLE(0)] "The resource https://static.priceoye.pk/images/placeholder-product-mobile.jpg was preloaded using link preload but not used within a few seconds from the window's load event. Please make sure it has an appropriate `as` value and it is preloaded intentionally.", source: https://priceoye.pk/search?q=health (0)
[20289:20289:0711/115434.221024:INFO:CONSOLE(0)] "The resource https://static.priceoye.pk/images/product-placeholder.svg was preloaded using link preload but not used within a few seconds from the window's load event. Please make sure it has an appropriate `as` value and it is preloaded intentionally.", source: https://priceoye.pk/search?q=health (0)
[20289:20289:0711/115434.281728:WARNING:controller_impl.cc(1192)] Background download complete, client: 6, completion type: 0, file size:1463571
[20289:20289:0711/115434.524747:INFO:CONSOLE(1)] "service worker registered", source: https://priceoye.pk/service-worker.js (1)
[20289:20289:0711/115437.586378:INFO:CONSOLE(0)] "The resource https://static.priceoye.pk/images/placeholder-product-mobile.jpg was preloaded using link preload but not used within a few seconds from the window's load event. Please make sure it has an appropriate `as` value and it is preloaded intentionally.", source: https://priceoye.pk/search?q=health (0)
[20289:20289:0711/115437.586480:INFO:CONSOLE(0)] "The resource https://static.priceoye.pk/images/product-placeholder.svg was preloaded using link preload but not used within a few seconds from the window's load event. Please make sure it has an appropriate `as` value and it is preloaded intentionally.", source: https://priceoye.pk/search?q=health (0)
[20289:20289:0711/115449.513073:INFO:CONSOLE(25)] "Google Analytics Content Experiments are no longer supported: (https://support.google.com/analytics/answer/9366791?hl=en). Please uninstall http://www.google-analytics.com/cx/api.js from this page.", source: https://www.google-analytics.com/cx/api.js (25)
[20289:20289:0711/115449.516810:INFO:CONSOLE(7)] "Google Analytics Content Experiments are no longer supported: (https://support.google.com/analytics/answer/9366791?hl=en). Please remove use of cxApi.setDomainName from this page.", source: https://www.google-analytics.com/cx/api.js (7)
[20289:20289:0711/115453.243041:INFO:CONSOLE(1)] ">>> search-js-execution-log start...", source: https://g.alicdn.com/daraz-fe/search-js-execution-log/0.0.6/build.js (1)
[20289:20289:0711/115453.243756:INFO:CONSOLE(1)] ">>> UserTracker init", source: https://g.alicdn.com/daraz-fe/search-js-execution-log/0.0.6/build.js (1)
[20289:20289:0711/115453.456730:INFO:CONSOLE(2)] ">>> userlog_init", source: https://laz-g-cdn.alicdn.com/daraz-fe/search-client/1.0.46/js/desktop.js (2)
[20289:20289:0711/115453.526917:INFO:CONSOLE(2)] ">>>>> desktop pageData__mainInfo:  [object Object]", source: https://laz-g-cdn.alicdn.com/daraz-fe/search-client/1.0.46/js/desktop.js (2)
[20289:20289:0711/115453.527038:INFO:CONSOLE(2)] ">>>>> desktop pageData__mods:  [object Object]", source: https://laz-g-cdn.alicdn.com/daraz-fe/search-client/1.0.46/js/desktop.js (2)
[20289:20289:0711/115453.759934:INFO:CONSOLE(2)] "----- desktop componentDidMount -----", source: https://laz-g-cdn.alicdn.com/daraz-fe/search-client/1.0.46/js/desktop.js (2)
[20289:20289:0711/115456.319777:INFO:CONSOLE(2)] ">>> survey config:  [object Object]", source: https://laz-g-cdn.alicdn.com/daraz-fe/search-client/1.0.46/js/desktop.js (2)
[20289:20289:0711/115457.483370:INFO:CONSOLE(5968)] "SSR首屏时长：t1:undefined, t2:8531, CSR首屏时长：7036", source: https://www.daraz.pk/catalog/?q=health (5968)
[20341:20351:0711/115504.210178:WARNING:sqlite_persistent_store_backend_base.cc(198)] Failed to post task from FlushAndNotifyInBackground@net/extras/sqlite/sqlite_persistent_store_backend_base.cc:248 to client_task_runner_.
[20341:20351:0711/115504.210242:WARNING:sqlite_persistent_store_backend_base.cc(198)] Failed to post task from FlushAndNotifyInBackground@net/extras/sqlite/sqlite_persistent_store_backend_base.cc:248 to client_task_runner_.
[20289:20289:0711/115504.253661:WARNING:pref_notifier_impl.cc(41)] Pref observer for media_router.cast_allow_all_ips found at shutdown.
