[14036:14036:0711/133815.006735:WARNING:chrome_main_delegate.cc(742)] This is Chrome version 126.0.6478.126 (not a warning)
[14036:14036:0711/133815.292968:INFO:chrome_browser_cloud_management_controller.cc(196)] No machine level policy manager exists.
[14087:14087:0711/133815.454688:WARNING:sandbox_linux.cc(430)] InitializeSandbox() called with multiple threads in process gpu-process.
[14036:14036:0711/133815.487138:WARNING:browser_management_service.cc(128)] EnterpriseLogoUrl fetch failed with error code -1 and MIME type 
[14036:14036:0711/133815.524113:WARNING:bluez_dbus_manager.cc(248)] Floss manager not present, cannot set Floss enable/disable.
[14036:14036:0711/133818.938316:INFO:CONSOLE(229)] "Uncaught SyntaxError: Unexpected token '<<'", source: https://homeshopping.pk/search.php?category%5B%5D=&search_query=Home%20%26%20Lifestyle (229)
[14036:14036:0711/133819.045206:INFO:CONSOLE(3811)] "Listener added for a 'DOMSubtreeModified' mutation event. This event type is deprecated, and will be removed from this browser VERY soon. Usage of this event listener will cause performance issues today, and represents a large risk of imminent site breakage. Consider using MutationObserver instead. See https://chromestatus.com/feature/5083947249172480 for more information.", source: https://homeshopping.pk/search.php?category%5B%5D=&search_query=Home%20%26%20Lifestyle (3811)
[14094:14100:0711/133825.747954:ERROR:ssl_client_socket_impl.cc(878)] handshake failed; returned -1, SSL error code 1, net_error -200
[14036:14036:0711/133828.095566:INFO:CONSOLE(0)] "Access to XMLHttpRequest at 'https://www.facebook.com/plugins/customer_chat/facade/?app_id=&attribution=setup_tool&channel=https%3A%2F%2Fstaticxx.facebook.com%2Fx%2Fconnect%2Fxd_arbiter%2F%3Fversion%3D46%23cb%3Df9f737fe43f3be7f1%26domain%3Dhomeshopping.pk%26is_canvas%3Dfalse%26origin%3Dhttps%253A%252F%252Fhomeshopping.pk%252Ff5afa9aa99e5fbb4b%26relation%3Dparent.parent&current_url=https%3A%2F%2Fhomeshopping.pk%2Fsearch.php%3Fcategory%255B%255D%3D%26search_query%3DHome%2520%2526%2520Lifestyle&greeting_dialog_display=fade&is_loaded_by_facade=true&locale=en_US&log_id=d1937aff-5bb0-4c90-b011-b327b19bdfd4&page_id=23233749076&request_time=1720705107840&sdk=joey&should_use_new_domain=false&suppress_http_code=1' from origin 'https://homeshopping.pk' has been blocked by CORS policy: The 'Access-Control-Allow-Origin' header has a value 'http://homeshopping.pk' that is not equal to the supplied origin.", source: https://homeshopping.pk/search.php?category%5B%5D=&search_query=Home%20%26%20Lifestyle (0)
[14036:14036:0711/133828.103575:INFO:CONSOLE(0)] "Access to XMLHttpRequest at 'https://www.facebook.com/plugins/customer_chat/facade/?app_id=&attribution=setup_tool&channel=https%3A%2F%2Fstaticxx.facebook.com%2Fx%2Fconnect%2Fxd_arbiter%2F%3Fversion%3D46%23cb%3Df56f56ee2db569ebd%26domain%3Dhomeshopping.pk%26is_canvas%3Dfalse%26origin%3Dhttps%253A%252F%252Fhomeshopping.pk%252Ff5afa9aa99e5fbb4b%26relation%3Dparent.parent&current_url=https%3A%2F%2Fhomeshopping.pk%2Fsearch.php%3Fcategory%255B%255D%3D%26search_query%3DHome%2520%2526%2520Lifestyle&is_loaded_by_facade=true&locale=en_US&log_id=929e5b68-e22f-4cd5-b458-6da3658ea060&page_id=23233749076&request_time=1720705107852&sdk=joey&should_use_new_domain=false&suppress_http_code=1&theme_color=%230084ff' from origin 'https://homeshopping.pk' has been blocked by CORS policy: The 'Access-Control-Allow-Origin' header has a value 'http://homeshopping.pk' that is not equal to the supplied origin.", source: https://homeshopping.pk/search.php?category%5B%5D=&search_query=Home%20%26%20Lifestyle (0)
[14036:14036:0711/133828.161165:INFO:CONSOLE(0)] "Access to XMLHttpRequest at 'https://www.facebook.com/plugins/customer_chat/SDK/?app_id=&attribution=setup_tool&channel=https%3A%2F%2Fstaticxx.facebook.com%2Fx%2Fconnect%2Fxd_arbiter%2F%3Fversion%3D46%23cb%3Df9f737fe43f3be7f1%26domain%3Dhomeshopping.pk%26is_canvas%3Dfalse%26origin%3Dhttps%253A%252F%252Fhomeshopping.pk%252Ff5afa9aa99e5fbb4b%26relation%3Dparent.parent&current_url=https%3A%2F%2Fhomeshopping.pk%2Fsearch.php%3Fcategory%255B%255D%3D%26search_query%3DHome%2520%2526%2520Lifestyle&event_name=chat_plugin_sdk_facade_create&greeting_dialog_display=fade&is_loaded_by_facade=true&loading_time=0&locale=en_US&log_id=d1937aff-5bb0-4c90-b011-b327b19bdfd4&page_id=23233749076&request_time=1720705107840&sdk=joey&should_use_new_domain=false&suppress_http_code=1' from origin 'https://homeshopping.pk' has been blocked by CORS policy: No 'Access-Control-Allow-Origin' header is present on the requested resource.", source: https://homeshopping.pk/search.php?category%5B%5D=&search_query=Home%20%26%20Lifestyle (0)
[14036:14036:0711/133828.171080:INFO:CONSOLE(0)] "Error with Permissions-Policy header: Unrecognized feature: 'battery'.", source:  (0)
[14036:14036:0711/133828.171291:INFO:CONSOLE(0)] "Error with Permissions-Policy header: Unrecognized feature: 'bluetooth'.", source:  (0)
[14036:14036:0711/133828.171447:INFO:CONSOLE(0)] "Error with Permissions-Policy header: Unrecognized feature: 'usb-unrestricted'.", source:  (0)
[14036:14036:0711/133828.225622:INFO:CONSOLE(0)] "Access to XMLHttpRequest at 'https://www.facebook.com/plugins/customer_chat/SDK/?app_id=&attribution=setup_tool&channel=https%3A%2F%2Fstaticxx.facebook.com%2Fx%2Fconnect%2Fxd_arbiter%2F%3Fversion%3D46%23cb%3Df56f56ee2db569ebd%26domain%3Dhomeshopping.pk%26is_canvas%3Dfalse%26origin%3Dhttps%253A%252F%252Fhomeshopping.pk%252Ff5afa9aa99e5fbb4b%26relation%3Dparent.parent&current_url=https%3A%2F%2Fhomeshopping.pk%2Fsearch.php%3Fcategory%255B%255D%3D%26search_query%3DHome%2520%2526%2520Lifestyle&event_name=chat_plugin_sdk_facade_create&is_loaded_by_facade=true&loading_time=0&locale=en_US&log_id=929e5b68-e22f-4cd5-b458-6da3658ea060&page_id=23233749076&request_time=1720705107852&sdk=joey&should_use_new_domain=false&suppress_http_code=1&theme_color=%230084ff' from origin 'https://homeshopping.pk' has been blocked by CORS policy: No 'Access-Control-Allow-Origin' header is present on the requested resource.", source: https://homeshopping.pk/search.php?category%5B%5D=&search_query=Home%20%26%20Lifestyle (0)
[14036:14036:0711/133833.221625:WARNING:controller_impl.cc(1192)] Background download complete, client: 6, completion type: 0, file size:5161
[14036:14036:0711/133834.419690:INFO:CONSOLE(2)] "Powered by AMP ⚡ HTML – Version 2406131415000 https://priceoye.pk/search?q=Home%20%26%20Lifestyle", source: https://cdn.ampproject.org/v0.mjs (2)
[14036:14036:0711/133834.437519:WARNING:controller_impl.cc(1192)] Background download complete, client: 6, completion type: 0, file size:883094
[14036:14036:0711/133834.501065:INFO:CONSOLE(2)] "[amp-sidebar toolbar] amp-sidebar toolbar is recommended to be a direct child of the <body> element to preserve a logical DOM order.", source: https://cdn.ampproject.org/v0.mjs (2)
[14036:14036:0711/133834.501185:INFO:CONSOLE(2)] "[amp-sidebar toolbar] amp-sidebar toolbar is recommended to be a direct child of the <body> element to preserve a logical DOM order.", source: https://cdn.ampproject.org/v0.mjs (2)
[14036:14036:0711/133835.034040:WARNING:download_manager_impl.cc(701)] A download with the same GUID already exists, the new request is ignored.
[14036:14036:0711/133835.285415:WARNING:controller_impl.cc(1192)] Background download complete, client: 6, completion type: 0, file size:265059
[14036:14036:0711/133835.754920:WARNING:controller_impl.cc(1192)] Background download complete, client: 6, completion type: 0, file size:2200227
[14036:14036:0711/133835.755200:WARNING:controller_impl.cc(1192)] Background download complete, client: 6, completion type: 0, file size:45150
[14036:14036:0711/133835.997600:WARNING:controller_impl.cc(1192)] Background download complete, client: 6, completion type: 0, file size:4680
[14036:14036:0711/133836.330564:WARNING:controller_impl.cc(1192)] Background download complete, client: 6, completion type: 0, file size:3844
[14036:14036:0711/133836.962330:WARNING:controller_impl.cc(1192)] Background download complete, client: 6, completion type: 0, file size:2747170
[14036:14036:0711/133837.247735:INFO:CONSOLE(1)] "Event handler of 'install' event must be added on the initial evaluation of worker script.", source: https://storage.googleapis.com/workbox-cdn/releases/4.3.1/workbox-core.prod.js (1)
[14036:14036:0711/133837.248044:INFO:CONSOLE(1)] "Event handler of 'activate' event must be added on the initial evaluation of worker script.", source: https://storage.googleapis.com/workbox-cdn/releases/4.3.1/workbox-core.prod.js (1)
[14036:14036:0711/133837.840138:WARNING:controller_impl.cc(1192)] Background download complete, client: 6, completion type: 0, file size:1463571
[14036:14036:0711/133840.005608:INFO:CONSOLE(0)] "The resource https://static.priceoye.pk/images/placeholder-product-mobile.jpg was preloaded using link preload but not used within a few seconds from the window's load event. Please make sure it has an appropriate `as` value and it is preloaded intentionally.", source: https://priceoye.pk/search?q=Home%20%26%20Lifestyle (0)
[14036:14036:0711/133840.005851:INFO:CONSOLE(0)] "The resource https://static.priceoye.pk/images/product-placeholder.svg was preloaded using link preload but not used within a few seconds from the window's load event. Please make sure it has an appropriate `as` value and it is preloaded intentionally.", source: https://priceoye.pk/search?q=Home%20%26%20Lifestyle (0)
[14036:14036:0711/133840.746857:INFO:CONSOLE(1)] "service worker registered", source: https://priceoye.pk/service-worker.js (1)
[14036:14036:0711/133848.331453:INFO:CONSOLE(2)] "[object Object]", source: https://telemart.pk/search.js?id=98d5437631a5719e (2)
[14036:14036:0711/133852.400720:INFO:CONSOLE(25)] "Google Analytics Content Experiments are no longer supported: (https://support.google.com/analytics/answer/9366791?hl=en). Please uninstall http://www.google-analytics.com/cx/api.js from this page.", source: https://www.google-analytics.com/cx/api.js (25)
[14036:14036:0711/133852.401624:INFO:CONSOLE(7)] "Google Analytics Content Experiments are no longer supported: (https://support.google.com/analytics/answer/9366791?hl=en). Please remove use of cxApi.setDomainName from this page.", source: https://www.google-analytics.com/cx/api.js (7)
[14036:14036:0711/133854.778464:INFO:CONSOLE(314)] "aes disabled", source: https://www.daraz.pk/catalog/?q=Home%20%26%20Lifestyle (314)
[14036:14036:0711/133856.480695:INFO:CONSOLE(1)] ">>> search-js-execution-log start...", source: https://g.alicdn.com/daraz-fe/search-js-execution-log/0.0.6/build.js (1)
[14036:14036:0711/133856.482443:INFO:CONSOLE(1)] ">>> UserTracker init", source: https://g.alicdn.com/daraz-fe/search-js-execution-log/0.0.6/build.js (1)
[14036:14036:0711/133856.735311:INFO:CONSOLE(2)] ">>> userlog_init", source: https://laz-g-cdn.alicdn.com/daraz-fe/search-client/1.0.46/js/desktop.js (2)
[14036:14036:0711/133856.789341:INFO:CONSOLE(2)] ">>>>> desktop pageData__mainInfo:  [object Object]", source: https://laz-g-cdn.alicdn.com/daraz-fe/search-client/1.0.46/js/desktop.js (2)
[14036:14036:0711/133856.794259:INFO:CONSOLE(2)] ">>>>> desktop pageData__mods:  [object Object]", source: https://laz-g-cdn.alicdn.com/daraz-fe/search-client/1.0.46/js/desktop.js (2)
[14036:14036:0711/133857.003894:INFO:CONSOLE(2)] "----- desktop componentDidMount -----", source: https://laz-g-cdn.alicdn.com/daraz-fe/search-client/1.0.46/js/desktop.js (2)
[14036:14036:0711/133858.882283:INFO:CONSOLE(2)] ">>> survey config:  [object Object]", source: https://laz-g-cdn.alicdn.com/daraz-fe/search-client/1.0.46/js/desktop.js (2)
[14036:14036:0711/133900.442578:INFO:CONSOLE(5954)] "SSR首屏时长：t1:undefined, t2:8294, CSR首屏时长：7445", source: https://www.daraz.pk/catalog/?q=Home%20%26%20Lifestyle (5954)
[14036:14036:0711/154418.231913:INFO:CONSOLE(1)] "[retcode] invalid param e: null", source: https://laz-g-cdn.alicdn.com/retcode/cloud-sdk/bl.js (1)
[14036:14036:0711/154418.259225:INFO:CONSOLE(2)] "Uncaught TypeError: this.calculateStayTime is not a function", source: https://laz-g-cdn.alicdn.com/daraz-fe/search-client/1.0.46/js/desktop.js (2)
[14036:14036:0711/154418.534994:WARNING:pref_notifier_impl.cc(41)] Pref observer for media_router.cast_allow_all_ips found at shutdown.
